2025-01-06 03:11:30,923 - INFO - Loading disaster data...
2025-01-06 03:11:31,098 - INFO - Disaster data shape: (17252, 49)
2025-01-06 03:11:31,098 - INFO - Loading weather data...
2025-01-06 03:11:31,298 - INFO - Weather data shape: (39984, 41)
2025-01-06 03:11:31,321 - INFO - Combined data shape: (2797, 54)
2025-01-06 03:11:31,336 - INFO - Preprocessing data...
2025-01-06 03:11:31,337 - INFO - Initial disaster type distribution:
2025-01-06 03:11:31,337 - ERROR - Error in preprocessing: 'disaster_type'
2025-01-06 03:11:31,404 - ERROR - Error in main execution: 'disaster_type'
2025-01-06 03:14:20,850 - ERROR - Error in main execution: 'DisasterModelTrainer' object has no attribute 'load_and_combine_data'
2025-01-06 03:14:55,636 - INFO - Loading disaster data...
2025-01-06 03:14:55,810 - INFO - Disaster data columns: ['DisNo.', 'Historic', 'Classification Key', 'Disaster Group', 'Disaster Subgroup', 'Disaster Type', 'Disaster Subtype', 'External IDs', 'Event Name', 'ISO', 'Country', 'Subregion', 'Region', 'Location', 'Origin', 'Associated Types', 'OFDA/BHA Response', 'Appeal', 'Declaration', "AID Contribution ('000 US$)", 'Magnitude', 'Magnitude Scale', 'latitude', 'longitude', 'River Basin', 'Start Year', 'Start Month', 'Start Day', 'End Year', 'End Month', 'End Day', 'Total Deaths', 'No. Injured', 'No. Affected', 'No. Homeless', 'Total Affected', "Reconstruction Costs ('000 US$)", "Reconstruction Costs, Adjusted ('000 US$)", "Insured Damage ('000 US$)", "Insured Damage, Adjusted ('000 US$)", "Total Damage ('000 US$)", "Total Damage, Adjusted ('000 US$)", 'CPI', 'Admin Units', 'Entry Date', 'Last Update', 'rainfall', 'temperature', 'disaster_occurred']
2025-01-06 03:14:55,810 - INFO - Disaster data shape: (17252, 49)
2025-01-06 03:14:55,810 - INFO - Loading weather data...
2025-01-06 03:14:56,021 - INFO - Weather data columns: ['country', 'location_name', 'latitude', 'longitude', 'timezone', 'last_updated_epoch', 'last_updated', 'temperature_celsius', 'temperature_fahrenheit', 'condition_text', 'wind_mph', 'wind_kph', 'wind_degree', 'wind_direction', 'pressure_mb', 'pressure_in', 'precip_mm', 'precip_in', 'humidity', 'cloud', 'feels_like_celsius', 'feels_like_fahrenheit', 'visibility_km', 'visibility_miles', 'uv_index', 'gust_mph', 'gust_kph', 'air_quality_Carbon_Monoxide', 'air_quality_Ozone', 'air_quality_Nitrogen_dioxide', 'air_quality_Sulphur_dioxide', 'air_quality_PM2.5', 'air_quality_PM10', 'air_quality_us-epa-index', 'air_quality_gb-defra-index', 'sunrise', 'sunset', 'moonrise', 'moonset', 'moon_phase', 'moon_illumination']
2025-01-06 03:14:56,021 - INFO - Weather data shape: (39984, 41)
2025-01-06 03:14:56,044 - ERROR - Error in loading and merging data: 'DisasterModelTrainer' object has no attribute 'merge_nearest_coordinates'
2025-01-06 03:14:56,044 - ERROR - Error in main execution: 'DisasterModelTrainer' object has no attribute 'merge_nearest_coordinates'
2025-01-06 03:16:49,373 - ERROR - Error in main execution: 'ModelTrainer' object has no attribute 'load_and_combine_data'
2025-01-06 03:18:05,810 - INFO - Loading disaster data...
2025-01-06 03:18:05,983 - INFO - Disaster data columns: ['DisNo.', 'Historic', 'Classification Key', 'Disaster Group', 'Disaster Subgroup', 'Disaster Type', 'Disaster Subtype', 'External IDs', 'Event Name', 'ISO', 'Country', 'Subregion', 'Region', 'Location', 'Origin', 'Associated Types', 'OFDA/BHA Response', 'Appeal', 'Declaration', "AID Contribution ('000 US$)", 'Magnitude', 'Magnitude Scale', 'latitude', 'longitude', 'River Basin', 'Start Year', 'Start Month', 'Start Day', 'End Year', 'End Month', 'End Day', 'Total Deaths', 'No. Injured', 'No. Affected', 'No. Homeless', 'Total Affected', "Reconstruction Costs ('000 US$)", "Reconstruction Costs, Adjusted ('000 US$)", "Insured Damage ('000 US$)", "Insured Damage, Adjusted ('000 US$)", "Total Damage ('000 US$)", "Total Damage, Adjusted ('000 US$)", 'CPI', 'Admin Units', 'Entry Date', 'Last Update', 'rainfall', 'temperature', 'disaster_occurred']
2025-01-06 03:18:05,983 - INFO - Disaster data shape: (17252, 49)
2025-01-06 03:18:05,983 - INFO - Loading weather data...
2025-01-06 03:18:06,194 - INFO - Weather data columns: ['country', 'location_name', 'latitude', 'longitude', 'timezone', 'last_updated_epoch', 'last_updated', 'temperature_celsius', 'temperature_fahrenheit', 'condition_text', 'wind_mph', 'wind_kph', 'wind_degree', 'wind_direction', 'pressure_mb', 'pressure_in', 'precip_mm', 'precip_in', 'humidity', 'cloud', 'feels_like_celsius', 'feels_like_fahrenheit', 'visibility_km', 'visibility_miles', 'uv_index', 'gust_mph', 'gust_kph', 'air_quality_Carbon_Monoxide', 'air_quality_Ozone', 'air_quality_Nitrogen_dioxide', 'air_quality_Sulphur_dioxide', 'air_quality_PM2.5', 'air_quality_PM10', 'air_quality_us-epa-index', 'air_quality_gb-defra-index', 'sunrise', 'sunset', 'moonrise', 'moonset', 'moon_phase', 'moon_illumination']
2025-01-06 03:18:06,195 - INFO - Weather data shape: (39984, 41)
2025-01-06 03:18:06,208 - ERROR - Error in loading and merging data: 'ModelTrainer' object has no attribute 'merge_nearest_coordinates'
2025-01-06 03:18:06,208 - ERROR - Error in main execution: 'ModelTrainer' object has no attribute 'merge_nearest_coordinates'
2025-01-06 03:20:19,626 - INFO - Loading disaster data...
2025-01-06 03:20:19,785 - INFO - Disaster data columns: ['DisNo.', 'Historic', 'Classification Key', 'Disaster Group', 'Disaster Subgroup', 'Disaster Type', 'Disaster Subtype', 'External IDs', 'Event Name', 'ISO', 'Country', 'Subregion', 'Region', 'Location', 'Origin', 'Associated Types', 'OFDA/BHA Response', 'Appeal', 'Declaration', "AID Contribution ('000 US$)", 'Magnitude', 'Magnitude Scale', 'latitude', 'longitude', 'River Basin', 'Start Year', 'Start Month', 'Start Day', 'End Year', 'End Month', 'End Day', 'Total Deaths', 'No. Injured', 'No. Affected', 'No. Homeless', 'Total Affected', "Reconstruction Costs ('000 US$)", "Reconstruction Costs, Adjusted ('000 US$)", "Insured Damage ('000 US$)", "Insured Damage, Adjusted ('000 US$)", "Total Damage ('000 US$)", "Total Damage, Adjusted ('000 US$)", 'CPI', 'Admin Units', 'Entry Date', 'Last Update', 'rainfall', 'temperature', 'disaster_occurred']
2025-01-06 03:20:19,785 - INFO - Disaster data shape: (17252, 49)
2025-01-06 03:20:19,785 - INFO - Loading weather data...
2025-01-06 03:20:19,997 - INFO - Weather data columns: ['country', 'location_name', 'latitude', 'longitude', 'timezone', 'last_updated_epoch', 'last_updated', 'temperature_celsius', 'temperature_fahrenheit', 'condition_text', 'wind_mph', 'wind_kph', 'wind_degree', 'wind_direction', 'pressure_mb', 'pressure_in', 'precip_mm', 'precip_in', 'humidity', 'cloud', 'feels_like_celsius', 'feels_like_fahrenheit', 'visibility_km', 'visibility_miles', 'uv_index', 'gust_mph', 'gust_kph', 'air_quality_Carbon_Monoxide', 'air_quality_Ozone', 'air_quality_Nitrogen_dioxide', 'air_quality_Sulphur_dioxide', 'air_quality_PM2.5', 'air_quality_PM10', 'air_quality_us-epa-index', 'air_quality_gb-defra-index', 'sunrise', 'sunset', 'moonrise', 'moonset', 'moon_phase', 'moon_illumination']
2025-01-06 03:20:19,997 - INFO - Weather data shape: (39984, 41)
2025-01-06 03:20:20,167 - INFO - Successfully merged 430 records
2025-01-06 03:20:20,167 - INFO - Average distance to nearest weather station: 57.48 km
2025-01-06 03:20:20,167 - INFO - Combined data shape: (430, 55)
2025-01-06 03:20:20,167 - INFO - Combined data columns: ['DisNo.', 'Historic', 'Classification Key', 'Disaster Group', 'Disaster Subgroup', 'Disaster Type', 'Disaster Subtype', 'External IDs', 'Event Name', 'ISO', 'Country', 'Subregion', 'Region', 'Location', 'Origin', 'Associated Types', 'OFDA/BHA Response', 'Appeal', 'Declaration', "AID Contribution ('000 US$)", 'Magnitude', 'Magnitude Scale', 'latitude', 'longitude', 'River Basin', 'Start Year', 'Start Month', 'Start Day', 'End Year', 'End Month', 'End Day', 'Total Deaths', 'No. Injured', 'No. Affected', 'No. Homeless', 'Total Affected', "Reconstruction Costs ('000 US$)", "Reconstruction Costs, Adjusted ('000 US$)", "Insured Damage ('000 US$)", "Insured Damage, Adjusted ('000 US$)", "Total Damage ('000 US$)", "Total Damage, Adjusted ('000 US$)", 'CPI', 'Admin Units', 'Entry Date', 'Last Update', 'rainfall', 'temperature', 'disaster_occurred', 'disaster_type', 'temperature_celsius', 'precip_mm', 'pressure_mb', 'humidity', 'wind_kph']
2025-01-06 03:20:20,182 - INFO - Preprocessing data...
2025-01-06 03:20:20,182 - INFO - Initial disaster type distribution:
2025-01-06 03:20:20,188 - INFO - disaster_type
Natural    430
Name: count, dtype: int64
2025-01-06 03:20:20,190 - INFO - Initial disaster type distribution:
2025-01-06 03:20:20,191 - INFO - disaster_type
Natural    430
Name: count, dtype: int64
2025-01-06 03:20:20,191 - ERROR - Error in preprocessing: ['total_deaths', 'infrastructure_loss']
2025-01-06 03:20:20,198 - ERROR - Error in main execution: ['total_deaths', 'infrastructure_loss']
2025-01-06 03:22:30,352 - INFO - Loading disaster data...
2025-01-06 03:22:30,516 - INFO - Disaster data columns: ['DisNo.', 'Historic', 'Classification Key', 'Disaster Group', 'Disaster Subgroup', 'Disaster Type', 'Disaster Subtype', 'External IDs', 'Event Name', 'ISO', 'Country', 'Subregion', 'Region', 'Location', 'Origin', 'Associated Types', 'OFDA/BHA Response', 'Appeal', 'Declaration', "AID Contribution ('000 US$)", 'Magnitude', 'Magnitude Scale', 'latitude', 'longitude', 'River Basin', 'Start Year', 'Start Month', 'Start Day', 'End Year', 'End Month', 'End Day', 'Total Deaths', 'No. Injured', 'No. Affected', 'No. Homeless', 'Total Affected', "Reconstruction Costs ('000 US$)", "Reconstruction Costs, Adjusted ('000 US$)", "Insured Damage ('000 US$)", "Insured Damage, Adjusted ('000 US$)", "Total Damage ('000 US$)", "Total Damage, Adjusted ('000 US$)", 'CPI', 'Admin Units', 'Entry Date', 'Last Update', 'rainfall', 'temperature', 'disaster_occurred']
2025-01-06 03:22:30,516 - INFO - Disaster data shape: (17252, 49)
2025-01-06 03:22:30,516 - INFO - Loading weather data...
2025-01-06 03:22:30,781 - INFO - Weather data columns: ['country', 'location_name', 'latitude', 'longitude', 'timezone', 'last_updated_epoch', 'last_updated', 'temperature_celsius', 'temperature_fahrenheit', 'condition_text', 'wind_mph', 'wind_kph', 'wind_degree', 'wind_direction', 'pressure_mb', 'pressure_in', 'precip_mm', 'precip_in', 'humidity', 'cloud', 'feels_like_celsius', 'feels_like_fahrenheit', 'visibility_km', 'visibility_miles', 'uv_index', 'gust_mph', 'gust_kph', 'air_quality_Carbon_Monoxide', 'air_quality_Ozone', 'air_quality_Nitrogen_dioxide', 'air_quality_Sulphur_dioxide', 'air_quality_PM2.5', 'air_quality_PM10', 'air_quality_us-epa-index', 'air_quality_gb-defra-index', 'sunrise', 'sunset', 'moonrise', 'moonset', 'moon_phase', 'moon_illumination']
2025-01-06 03:22:30,781 - INFO - Weather data shape: (39984, 41)
2025-01-06 03:22:30,949 - INFO - Successfully merged 430 records
2025-01-06 03:22:30,949 - INFO - Average distance to nearest weather station: 57.48 km
2025-01-06 03:22:30,949 - INFO - Combined data shape: (430, 55)
2025-01-06 03:22:30,949 - INFO - Combined data columns: ['DisNo.', 'Historic', 'Classification Key', 'Disaster Group', 'Disaster Subgroup', 'Disaster Type', 'Disaster Subtype', 'External IDs', 'Event Name', 'ISO', 'Country', 'Subregion', 'Region', 'Location', 'Origin', 'Associated Types', 'OFDA/BHA Response', 'Appeal', 'Declaration', "AID Contribution ('000 US$)", 'Magnitude', 'Magnitude Scale', 'latitude', 'longitude', 'River Basin', 'Start Year', 'Start Month', 'Start Day', 'End Year', 'End Month', 'End Day', 'Total Deaths', 'No. Injured', 'No. Affected', 'No. Homeless', 'Total Affected', "Reconstruction Costs ('000 US$)", "Reconstruction Costs, Adjusted ('000 US$)", "Insured Damage ('000 US$)", "Insured Damage, Adjusted ('000 US$)", "Total Damage ('000 US$)", "Total Damage, Adjusted ('000 US$)", 'CPI', 'Admin Units', 'Entry Date', 'Last Update', 'rainfall', 'temperature', 'disaster_occurred', 'disaster_type', 'temperature_celsius', 'precip_mm', 'pressure_mb', 'humidity', 'wind_kph']
2025-01-06 03:22:30,949 - INFO - Preprocessing data...
2025-01-06 03:22:30,949 - ERROR - Error in preprocessing: y should be a 1d array, got an array of shape (0, 2) instead.
2025-01-06 03:22:30,949 - ERROR - Error in main execution: y should be a 1d array, got an array of shape (0, 2) instead.
